# JRE version: OpenJDK Runtime Environment Temurin-17.0.10+7 (17.0.10+7) (build 17.0.10+7)
# Java VM: OpenJDK 64-Bit Server VM Temurin-17.0.10+7 (17.0.10+7, mixed mode, emulated-client, tiered, compressed oops, compressed class ptrs, g1 gc, windows-amd64)
GC Precious Log:
 CPUs: 2 total, 2 available
 Memory: 4001M
 Large Page Support: Disabled
 NUMA Support: Disabled
 Compressed Oops: Enabled (32-bit)
 Heap Region Size: 1M
 Heap Min Capacity: 8M
 Heap Initial Capacity: 64M
 Heap Max Capacity: 1002M
 Pre-touch: Disabled
 Parallel Workers: 2
 Concurrent Workers: 1
 Concurrent Refinement Workers: 2
 Periodic GC: Disabled
Heap:
 garbage-first heap   total 48128K, used 25911K [0x00000000c1600000, 0x0000000100000000)
  region size 1024K, 1 young (1024K), 1 survivors (1024K)
 Metaspace       used 65383K, committed 65920K, reserved 1114112K
  class space    used 8519K, committed 8768K, reserved 1048576K
GC Heap History (20 events):
Event: 37.187 GC heap after
{Heap after GC invocations=26 (full 0):
 garbage-first heap   total 48128K, used 22016K [0x00000000c1600000, 0x0000000100000000)
  region size 1024K, 2 young (2048K), 2 survivors (2048K)
 Metaspace       used 51807K, committed 52224K, reserved 1114112K
  class space    used 6462K, committed 6656K, reserved 1048576K
}
Event: 38.262 GC heap before
{Heap before GC invocations=26 (full 0):
 garbage-first heap   total 48128K, used 38400K [0x00000000c1600000, 0x0000000100000000)
  region size 1024K, 18 young (18432K), 2 survivors (2048K)
 Metaspace       used 52311K, committed 52736K, reserved 1114112K
  class space    used 6539K, committed 6720K, reserved 1048576K
}
Event: 38.270 GC heap after
{Heap after GC invocations=27 (full 0):
 garbage-first heap   total 48128K, used 22311K [0x00000000c1600000, 0x0000000100000000)
  region size 1024K, 2 young (2048K), 2 survivors (2048K)
 Metaspace       used 52311K, committed 52736K, reserved 1114112K
  class space    used 6539K, committed 6720K, reserved 1048576K
}
Event: 40.080 GC heap before
{Heap before GC invocations=27 (full 0):
 garbage-first heap   total 48128K, used 39719K [0x00000000c1600000, 0x0000000100000000)
  region size 1024K, 19 young (19456K), 2 survivors (2048K)
 Metaspace       used 54220K, committed 54656K, reserved 1114112K
  class space    used 6868K, committed 7104K, reserved 1048576K
}
Event: 40.091 GC heap after
{Heap after GC invocations=28 (full 0):
 garbage-first heap   total 48128K, used 22843K [0x00000000c1600000, 0x0000000100000000)
  region size 1024K, 2 young (2048K), 2 survivors (2048K)
 Metaspace       used 54220K, committed 54656K, reserved 1114112K
  class space    used 6868K, committed 7104K, reserved 1048576K
}
Event: 40.911 GC heap before
{Heap before GC invocations=28 (full 0):
 garbage-first heap   total 48128K, used 40251K [0x00000000c1600000, 0x0000000100000000)
  region size 1024K, 19 young (19456K), 2 survivors (2048K)
 Metaspace       used 56430K, committed 56896K, reserved 1114112K
  class space    used 7216K, committed 7424K, reserved 1048576K
}
Event: 40.922 GC heap after
{Heap after GC invocations=29 (full 0):
 garbage-first heap   total 48128K, used 23190K [0x00000000c1600000, 0x0000000100000000)
  region size 1024K, 2 young (2048K), 2 survivors (2048K)
 Metaspace       used 56430K, committed 56896K, reserved 1114112K
  class space    used 7216K, committed 7424K, reserved 1048576K
}
Event: 42.386 GC heap before
{Heap before GC invocations=29 (full 0):
 garbage-first heap   total 48128K, used 39574K [0x00000000c1600000, 0x0000000100000000)
  region size 1024K, 19 young (19456K), 2 survivors (2048K)
 Metaspace       used 59023K, committed 59456K, reserved 1114112K
  class space    used 7597K, committed 7808K, reserved 1048576K
}
Event: 42.398 GC heap after
{Heap after GC invocations=30 (full 0):
 garbage-first heap   total 48128K, used 24081K [0x00000000c1600000, 0x0000000100000000)
  region size 1024K, 3 young (3072K), 3 survivors (3072K)
 Metaspace       used 59023K, committed 59456K, reserved 1114112K
  class space    used 7597K, committed 7808K, reserved 1048576K
}
Event: 42.694 GC heap before
{Heap before GC invocations=30 (full 0):
 garbage-first heap   total 48128K, used 37393K [0x00000000c1600000, 0x0000000100000000)
  region size 1024K, 17 young (17408K), 3 survivors (3072K)
 Metaspace       used 59769K, committed 60288K, reserved 1114112K
  class space    used 7680K, committed 7936K, reserved 1048576K
}
Event: 42.704 GC heap after
{Heap after GC invocations=31 (full 0):
 garbage-first heap   total 48128K, used 24459K [0x00000000c1600000, 0x0000000100000000)
  region size 1024K, 2 young (2048K), 2 survivors (2048K)
 Metaspace       used 59769K, committed 60288K, reserved 1114112K
  class space    used 7680K, committed 7936K, reserved 1048576K
}
Event: 43.599 GC heap before
{Heap before GC invocations=32 (full 0):
 garbage-first heap   total 48128K, used 38795K [0x00000000c1600000, 0x0000000100000000)
  region size 1024K, 17 young (17408K), 2 survivors (2048K)
 Metaspace       used 61355K, committed 61888K, reserved 1114112K
  class space    used 7936K, committed 8192K, reserved 1048576K
}
Event: 43.609 GC heap after
{Heap after GC invocations=33 (full 0):
 garbage-first heap   total 48128K, used 24845K [0x00000000c1600000, 0x0000000100000000)
  region size 1024K, 3 young (3072K), 3 survivors (3072K)
 Metaspace       used 61355K, committed 61888K, reserved 1114112K
  class space    used 7936K, committed 8192K, reserved 1048576K
}
Event: 44.428 GC heap before
{Heap before GC invocations=33 (full 0):
 garbage-first heap   total 48128K, used 37133K [0x00000000c1600000, 0x0000000100000000)
  region size 1024K, 16 young (16384K), 3 survivors (3072K)
 Metaspace       used 63697K, committed 64192K, reserved 1114112K
  class space    used 8335K, committed 8576K, reserved 1048576K
}
Event: 44.441 GC heap after
{Heap after GC invocations=34 (full 0):
 garbage-first heap   total 48128K, used 25462K [0x00000000c1600000, 0x0000000100000000)
  region size 1024K, 2 young (2048K), 2 survivors (2048K)
 Metaspace       used 63697K, committed 64192K, reserved 1114112K
  class space    used 8335K, committed 8576K, reserved 1048576K
}
Event: 45.184 GC heap before
{Heap before GC invocations=35 (full 0):
 garbage-first heap   total 48128K, used 37750K [0x00000000c1600000, 0x0000000100000000)
  region size 1024K, 15 young (15360K), 2 survivors (2048K)
 Metaspace       used 64994K, committed 65472K, reserved 1114112K
  class space    used 8458K, committed 8704K, reserved 1048576K
}
Event: 45.197 GC heap after
{Heap after GC invocations=36 (full 0):
 garbage-first heap   total 48128K, used 26032K [0x00000000c1600000, 0x0000000100000000)
  region size 1024K, 2 young (2048K), 2 survivors (2048K)
 Metaspace       used 64994K, committed 65472K, reserved 1114112K
  class space    used 8458K, committed 8704K, reserved 1048576K
}
Event: 45.215 GC heap before
{Heap before GC invocations=36 (full 0):
 garbage-first heap   total 48128K, used 26032K [0x00000000c1600000, 0x0000000100000000)
  region size 1024K, 3 young (3072K), 2 survivors (2048K)
 Metaspace       used 65037K, committed 65536K, reserved 1114112K
  class space    used 8464K, committed 8704K, reserved 1048576K
}
Event: 45.226 GC heap after
{Heap after GC invocations=37 (full 0):
 garbage-first heap   total 48128K, used 25801K [0x00000000c1600000, 0x0000000100000000)
  region size 1024K, 1 young (1024K), 1 survivors (1024K)
 Metaspace       used 65037K, committed 65536K, reserved 1114112K
  class space    used 8464K, committed 8704K, reserved 1048576K
}
Event: 46.231 GC heap before
{Heap before GC invocations=37 (full 0):
 garbage-first heap   total 48128K, used 39113K [0x00000000c1600000, 0x0000000100000000)
  region size 1024K, 14 young (14336K), 1 survivors (1024K)
 Metaspace       used 65383K, committed 65920K, reserved 1114112K
  class space    used 8519K, committed 8768K, reserved 1048576K
}

